============================= test session starts =============================
platform win32 -- Python 3.13.11, pytest-9.1.1, pluggy-1.5.0 -- D:\date\miniconda\python.exe
cachedir: .pytest_cache
rootdir: C:\Users\PC\Documents\odid编译\wksim
plugins: anyio-4.13.0
collecting ... collected 58 items

validation/test_replay_read_limits.py::BoundedReadTest::test_change_during_verification_reread_is_rejected_and_bounded PASSED [  1%]
validation/test_replay_read_limits.py::BoundedReadTest::test_default_limit_is_the_documented_64_mib_promise PASSED [  3%]
validation/test_replay_read_limits.py::BoundedReadTest::test_diagnostics_order_clocks_and_raw_text_survive_the_bounded_reader PASSED [  5%]
validation/test_replay_read_limits.py::BoundedReadTest::test_empty_record_at_zero_limit_is_accepted PASSED [  6%]
validation/test_replay_read_limits.py::BoundedReadTest::test_file_replaced_between_stat_and_read_is_rejected PASSED [  8%]
validation/test_replay_read_limits.py::BoundedReadTest::test_growing_reader_is_rejected_without_silent_truncation PASSED [ 10%]
validation/test_replay_read_limits.py::BoundedReadTest::test_one_byte_over_limit_is_rejected_even_when_stat_agrees PASSED [ 12%]
validation/test_replay_read_limits.py::BoundedReadTest::test_reader_ignoring_the_request_size_is_still_capped PASSED [ 13%]
validation/test_replay_read_limits.py::BoundedReadTest::test_real_file_read_is_capped_without_a_reader_double PASSED [ 15%]
validation/test_replay_read_limits.py::BoundedReadTest::test_record_exactly_at_limit_is_accepted_complete_and_hashed PASSED [ 17%]
validation/test_replay_read_limits.py::BoundedReadTest::test_records_are_never_read_with_unbounded_read_bytes PASSED [ 18%]
validation/test_replay_read_limits.py::BoundedReadTest::test_rejected_load_performs_no_network_process_or_write PASSED [ 20%]
validation/test_replay_read_limits.py::BoundedReadTest::test_short_reads_are_joined_and_hash_binds_consumed_bytes PASSED [ 22%]
validation/test_replay_read_limits.py::BoundedReadTest::test_stale_stat_cannot_bypass_the_read_cap PASSED [ 24%]
validation/test_replay_read_limits.py::BoundedReadTest::test_symlink_outside_run_is_still_refused_for_a_real_link SKIPPED [ 25%]
validation/test_replay_read_limits.py::BoundedReadTest::test_symlink_outside_run_is_still_refused_via_path_double PASSED [ 27%]
validation/test_replay_read_limits.py::BoundedReadTest::test_verification_reread_grown_past_limit_is_a_change_not_evidence PASSED [ 29%]
validation/test_wksim_replay.py::ReplayTest::test_duplicate_keys_are_rejected_in_result_and_nested_record PASSED [ 31%]
validation/test_wksim_replay.py::ReplayTest::test_explicit_record_identity_is_not_overwritten_by_result PASSED [ 32%]
validation/test_wksim_replay.py::ReplayTest::test_huge_integer_timestamps_remain_raw_without_clock_conversion PASSED [ 34%]
validation/test_wksim_replay.py::ReplayTest::test_nonfinite_results_and_rows_export_without_changing_raw PASSED [ 36%]
validation/test_wksim_replay.py::ReplayTest::test_public_command_and_ack_are_not_action_completion PASSED [ 37%]
validation/test_wksim_replay.py::ReplayTest::test_recorded_order_unknown_epoch_and_diagnostics PASSED [ 39%]
validation/test_wksim_console_records.py::LiveRecordsTest::test_action_offer_identity_and_lifecycle_fail_closed 
validation/test_wksim_console_records.py::LiveRecordsTest::test_action_offer_identity_and_lifecycle_fail_closed PASSED [ 41%]
validation/test_wksim_console_records.py::LiveRecordsTest::test_action_offer_requires_live_source_and_never_updates_input PASSED [ 43%]
validation/test_wksim_console_records.py::LiveRecordsTest::test_cross_host_dates_and_first_batch_are_not_live PASSED [ 44%]
validation/test_wksim_console_records.py::LiveRecordsTest::test_identity_epoch_and_sequence_fail_closed_preserve_history 
validation/test_wksim_console_records.py::LiveRecordsTest::test_identity_epoch_and_sequence_fail_closed_preserve_history PASSED [ 46%]
validation/test_wksim_console_records.py::LiveRecordsTest::test_invalid_flags_nonfinite_and_missing_fields 
validation/test_wksim_console_records.py::LiveRecordsTest::test_invalid_flags_nonfinite_and_missing_fields PASSED [ 48%]
validation/test_wksim_console_records.py::LiveRecordsTest::test_large_tail_is_bounded PASSED [ 50%]
validation/test_wksim_console_records.py::LiveRecordsTest::test_malformed_conflicting_duplicate_and_epoch_latch PASSED [ 51%]
validation/test_wksim_console_records.py::LiveRecordsTest::test_missing_partial_rotation_and_truncation PASSED [ 53%]
validation/test_wksim_console_records.py::LiveRecordsTest::test_mission_events_raw_terminal_and_no_legacy_state PASSED [ 55%]
validation/test_wksim_console_records.py::LiveRecordsTest::test_native_result_envelope_retains_raw_hash_and_nonfinite_markers PASSED [ 56%]
validation/test_wksim_console_records.py::LiveRecordsTest::test_optional_unknown_telemetry_does_not_invalidate_required_navigation PASSED [ 58%]
validation/test_wksim_console_records.py::LiveRecordsTest::test_overflow_literal_retains_exact_raw PASSED [ 60%]
validation/test_wksim_console_records.py::LiveRecordsTest::test_pause_requires_observed_task_control_and_valid_packet_generation 
validation/test_wksim_console_records.py::LiveRecordsTest::test_pause_requires_observed_task_control_and_valid_packet_generation PASSED [ 62%]
validation/test_wksim_console_records.py::LiveRecordsTest::test_repeated_source_sequence_and_mtime_do_not_refresh PASSED [ 63%]
validation/test_wksim_console_records.py::ReplayPageTest::test_loader_order_raw_diagnostics_and_no_writes PASSED [ 65%]
validation/test_wksim_console_records.py::ReplayPageTest::test_missing_stream_and_partial_remain_diagnostic PASSED [ 67%]
validation/test_wksim_console_records.py::ReplayPageTest::test_strict_page_arguments 
validation/test_wksim_console_records.py::ReplayPageTest::test_strict_page_arguments PASSED [ 68%]
validation/test_wksim_console_workspace.py::WorkspaceTest::test_active_check_and_flight_exclude_new_jobs_and_shutdown PASSED [ 70%]
validation/test_wksim_console_workspace.py::WorkspaceTest::test_cancel_requires_current_mission_and_live_owned_handle 
validation/test_wksim_console_workspace.py::WorkspaceTest::test_cancel_requires_current_mission_and_live_owned_handle PASSED [ 72%]
validation/test_wksim_console_workspace.py::WorkspaceTest::test_catalog_is_compact_without_erasing_selected_run_details PASSED [ 74%]
validation/test_wksim_console_workspace.py::WorkspaceTest::test_compare_and_save_reload_and_input_isolation 
validation/test_wksim_console_workspace.py::WorkspaceTest::test_compare_and_save_reload_and_input_isolation PASSED [ 75%]
validation/test_wksim_console_workspace.py::WorkspaceTest::test_duplicate_root_refused_and_close_releases_ownership PASSED [ 77%]
validation/test_wksim_console_workspace.py::WorkspaceTest::test_evidence_is_terminal_known_flight_only_and_read_only 
validation/test_wksim_console_workspace.py::WorkspaceTest::test_evidence_is_terminal_known_flight_only_and_read_only PASSED [ 79%]
validation/test_wksim_console_workspace.py::WorkspaceTest::test_failed_optional_view_does_not_fake_readiness_or_block_headless_run PASSED [ 81%]
validation/test_wksim_console_workspace.py::WorkspaceTest::test_failed_view_with_owned_resource_still_blocks_shutdown PASSED [ 82%]
validation/test_wksim_console_workspace.py::WorkspaceTest::test_flight_success_requires_formal_result_and_zero_exit 
validation/test_wksim_console_workspace.py::WorkspaceTest::test_flight_success_requires_formal_result_and_zero_exit PASSED [ 84%]
validation/test_wksim_console_workspace.py::WorkspaceTest::test_launch_failure_is_failed_and_never_fabricates_result PASSED [ 86%]
validation/test_wksim_console_workspace.py::WorkspaceTest::test_only_exact_successful_preflight_admits_start 
validation/test_wksim_console_workspace.py::WorkspaceTest::test_only_exact_successful_preflight_admits_start PASSED [ 87%]
validation/test_wksim_console_workspace.py::WorkspaceTest::test_optional_view_preparation_precedes_physics_and_reserves_workspace PASSED [ 89%]
validation/test_wksim_console_workspace.py::WorkspaceTest::test_repeated_starts_have_fresh_execution_identity_and_stable_config PASSED [ 91%]
validation/test_wksim_console_workspace.py::WorkspaceTest::test_restart_does_not_adopt_persisted_live_flight PASSED [ 93%]
validation/test_wksim_console_workspace.py::WorkspaceTest::test_restarted_server_does_not_advertise_historical_view_as_live PASSED [ 94%]
validation/test_wksim_console_workspace.py::WorkspaceTest::test_shutdown_refuses_owned_view_until_closed 
validation/test_wksim_console_workspace.py::WorkspaceTest::test_shutdown_refuses_owned_view_until_closed PASSED [ 96%]
validation/test_wksim_console_workspace.py::WorkspaceTest::test_strict_configuration_and_mission_validation 
validation/test_wksim_console_workspace.py::WorkspaceTest::test_strict_configuration_and_mission_validation PASSED [ 98%]
validation/test_wksim_console_workspace.py::WorkspaceTest::test_strict_json_decoder 
validation/test_wksim_console_workspace.py::WorkspaceTest::test_strict_json_decoder PASSED [100%]

============= 57 passed, 1 skipped, 84 subtests passed in 18.55s ==============
